<?xml version="1.0" encoding="UTF-8"?>
<!-- Generated by org.testng.reporters.JUnitReportReporter -->
<testsuite hostname="Hanuman" failures="0" tests="13" name="TestNG.Ecommerce" time="0.022" errors="0" timestamp="2023-03-28T20:17:09 IST" skipped="1">
  <testcase classname="TestNG.Ecommerce" name="Signup" time="0.001"/>
  <system-out/>
  <testcase classname="TestNG.Ecommerce" name="Signup" time="0.008"/>
  <system-out/>
  <testcase classname="TestNG.Ecommerce" name="Signup" time="0.002"/>
  <system-out/>
  <testcase classname="TestNG.Ecommerce" name="Signup" time="0.001"/>
  <system-out/>
  <testcase classname="TestNG.Ecommerce" name="Signup" time="0.001"/>
  <system-out/>
  <testcase classname="TestNG.Ecommerce" name="Login" time="0.001"/>
  <system-out/>
  <testcase classname="TestNG.Ecommerce" name="Login" time="0.004"/>
  <system-out/>
  <testcase classname="TestNG.Ecommerce" name="Login" time="0.000"/>
  <system-out/>
  <testcase classname="TestNG.Ecommerce" name="Login" time="0.002"/>
  <system-out/>
  <testcase classname="TestNG.Ecommerce" name="Login" time="0.001"/>
  <system-out/>
  <testcase classname="TestNG.Ecommerce" name="Cart" time="0.001"/>
  <system-out/>
  <testcase classname="TestNG.Ecommerce" name="Cart" time="0.000"/>
  <system-out/>
  <testcase classname="TestNG.Ecommerce" name="Logout">
    <skipped/>
  </testcase> <!-- Logout -->
  <system-out/>
</testsuite> <!-- TestNG.Ecommerce -->
