<?xml version="1.0" encoding="UTF-8"?>
<!-- Generated by org.testng.reporters.JUnitReportReporter -->
<testsuite hostname="Hanuman" failures="0" tests="2" name="TestNG.Testsuite1" time="0.011" errors="0" timestamp="2023-03-28T20:26:58 IST" skipped="0">
  <testcase classname="TestNG.Testsuite1" name="script1" time="0.009"/>
  <system-out>
    <![CDATA[Valid]]>
  </system-out>
  <testcase classname="TestNG.Testsuite1" name="script2" time="0.002"/>
  <system-out>
    <![CDATA[Invalid]]>
  </system-out>
</testsuite> <!-- TestNG.Testsuite1 -->
